<?xml version="1.0" encoding="UTF-8"?>
<coverage generated="1648209400398" clover="3.2.0">
  <project timestamp="1648209400398" name="All files">
    <metrics statements="164" coveredstatements="164" conditionals="84" coveredconditionals="84" methods="70" coveredmethods="70" elements="318" coveredelements="318" complexity="0" loc="164" ncloc="164" packages="15" files="16" classes="16"/>
    <package name="components.ActivityIndicator">
      <metrics statements="3" coveredstatements="3" conditionals="5" coveredconditionals="5" methods="1" coveredmethods="1"/>
      <file name="index.tsx" path="C:\Site&App\Testes\guru_teste\frontend\src\components\ActivityIndicator\index.tsx">
        <metrics statements="3" coveredstatements="3" conditionals="5" coveredconditionals="5" methods="1" coveredmethods="1"/>
        <line num="16" count="14" type="stmt"/>
        <line num="22" count="14" type="stmt"/>
        <line num="28" count="14" type="cond" truecount="2" falsecount="0"/>
      </file>
    </package>
    <package name="components.BoxContainer">
      <metrics statements="1" coveredstatements="1" conditionals="0" coveredconditionals="0" methods="1" coveredmethods="1"/>
      <file name="index.tsx" path="C:\Site&App\Testes\guru_teste\frontend\src\components\BoxContainer\index.tsx">
        <metrics statements="1" coveredstatements="1" conditionals="0" coveredconditionals="0" methods="1" coveredmethods="1"/>
        <line num="10" count="42" type="stmt"/>
      </file>
    </package>
    <package name="components.Button">
      <metrics statements="1" coveredstatements="1" conditionals="3" coveredconditionals="3" methods="1" coveredmethods="1"/>
      <file name="index.tsx" path="C:\Site&App\Testes\guru_teste\frontend\src\components\Button\index.tsx">
        <metrics statements="1" coveredstatements="1" conditionals="3" coveredconditionals="3" methods="1" coveredmethods="1"/>
        <line num="18" count="43" type="stmt"/>
      </file>
    </package>
    <package name="components.Input">
      <metrics statements="19" coveredstatements="19" conditionals="5" coveredconditionals="5" methods="8" coveredmethods="8"/>
      <file name="index.tsx" path="C:\Site&App\Testes\guru_teste\frontend\src\components\Input\index.tsx">
        <metrics statements="19" coveredstatements="19" conditionals="5" coveredconditionals="5" methods="8" coveredmethods="8"/>
        <line num="11" count="2" type="stmt"/>
        <line num="12" count="153" type="stmt"/>
        <line num="13" count="153" type="stmt"/>
        <line num="14" count="153" type="stmt"/>
        <line num="15" count="153" type="cond" truecount="1" falsecount="0"/>
        <line num="16" count="153" type="stmt"/>
        <line num="18" count="153" type="stmt"/>
        <line num="20" count="56" type="cond" truecount="1" falsecount="0"/>
        <line num="24" count="1" type="stmt"/>
        <line num="28" count="1" type="stmt"/>
        <line num="30" count="1" type="stmt"/>
        <line num="33" count="153" type="stmt"/>
        <line num="34" count="41" type="stmt"/>
        <line num="38" count="22" type="stmt"/>
        <line num="42" count="1" type="cond" truecount="1" falsecount="0"/>
        <line num="43" count="1" type="stmt"/>
        <line num="45" count="1" type="stmt"/>
        <line num="51" count="153" type="stmt"/>
        <line num="63" count="17" type="stmt"/>
      </file>
    </package>
    <package name="components.Pagination">
      <metrics statements="15" coveredstatements="15" conditionals="21" coveredconditionals="21" methods="10" coveredmethods="10"/>
      <file name="index.tsx" path="C:\Site&App\Testes\guru_teste\frontend\src\components\Pagination\index.tsx">
        <metrics statements="15" coveredstatements="15" conditionals="21" coveredconditionals="21" methods="10" coveredmethods="10"/>
        <line num="18" count="2" type="stmt"/>
        <line num="21" count="20" type="stmt"/>
        <line num="23" count="20" type="stmt"/>
        <line num="25" count="20" type="stmt"/>
        <line num="38" count="17" type="cond" truecount="2" falsecount="0"/>
        <line num="43" count="17" type="cond" truecount="2" falsecount="0"/>
        <line num="50" count="17" type="stmt"/>
        <line num="51" count="15" type="stmt"/>
        <line num="54" count="17" type="stmt"/>
        <line num="57" count="8" type="stmt"/>
        <line num="60" count="17" type="stmt"/>
        <line num="72" count="1" type="stmt"/>
        <line num="104" count="7" type="stmt"/>
        <line num="123" count="13" type="stmt"/>
        <line num="149" count="2" type="stmt"/>
      </file>
    </package>
    <package name="components.Pagination.PaginationItem">
      <metrics statements="5" coveredstatements="5" conditionals="2" coveredconditionals="2" methods="2" coveredmethods="2"/>
      <file name="index.tsx" path="C:\Site&App\Testes\guru_teste\frontend\src\components\Pagination\PaginationItem\index.tsx">
        <metrics statements="5" coveredstatements="5" conditionals="2" coveredconditionals="2" methods="2" coveredmethods="2"/>
        <line num="12" count="3" type="stmt"/>
        <line num="18" count="50" type="cond" truecount="2" falsecount="0"/>
        <line num="19" count="18" type="stmt"/>
        <line num="32" count="32" type="stmt"/>
        <line num="37" count="1" type="stmt"/>
      </file>
    </package>
    <package name="components.Search">
      <metrics statements="9" coveredstatements="9" conditionals="4" coveredconditionals="4" methods="5" coveredmethods="5"/>
      <file name="index.tsx" path="C:\Site&App\Testes\guru_teste\frontend\src\components\Search\index.tsx">
        <metrics statements="9" coveredstatements="9" conditionals="4" coveredconditionals="4" methods="5" coveredmethods="5"/>
        <line num="13" count="24" type="stmt"/>
        <line num="14" count="24" type="stmt"/>
        <line num="17" count="4" type="stmt"/>
        <line num="18" count="4" type="cond" truecount="4" falsecount="0"/>
        <line num="19" count="3" type="stmt"/>
        <line num="23" count="1" type="stmt"/>
        <line num="27" count="1" type="stmt"/>
        <line num="29" count="24" type="stmt"/>
        <line num="40" count="3" type="stmt"/>
      </file>
    </package>
    <package name="components.SelectSizePagination">
      <metrics statements="2" coveredstatements="2" conditionals="0" coveredconditionals="0" methods="1" coveredmethods="1"/>
      <file name="index.tsx" path="C:\Site&App\Testes\guru_teste\frontend\src\components\SelectSizePagination\index.tsx">
        <metrics statements="2" coveredstatements="2" conditionals="0" coveredconditionals="0" methods="1" coveredmethods="1"/>
        <line num="15" count="2" type="stmt"/>
        <line num="34" count="16" type="stmt"/>
      </file>
    </package>
    <package name="components.ToastContainer">
      <metrics statements="2" coveredstatements="2" conditionals="0" coveredconditionals="0" methods="2" coveredmethods="2"/>
      <file name="index.tsx" path="C:\Site&App\Testes\guru_teste\frontend\src\components\ToastContainer\index.tsx">
        <metrics statements="2" coveredstatements="2" conditionals="0" coveredconditionals="0" methods="2" coveredmethods="2"/>
        <line num="15" count="6" type="stmt"/>
        <line num="24" count="5" type="stmt"/>
      </file>
    </package>
    <package name="components.ToastContainer.Toast">
      <metrics statements="9" coveredstatements="9" conditionals="4" coveredconditionals="4" methods="5" coveredmethods="5"/>
      <file name="index.tsx" path="C:\Site&App\Testes\guru_teste\frontend\src\components\ToastContainer\Toast\index.tsx">
        <metrics statements="9" coveredstatements="9" conditionals="4" coveredconditionals="4" methods="5" coveredmethods="5"/>
        <line num="17" count="3" type="stmt"/>
        <line num="24" count="9" type="stmt"/>
        <line num="26" count="9" type="stmt"/>
        <line num="27" count="8" type="stmt"/>
        <line num="28" count="1" type="stmt"/>
        <line num="31" count="8" type="stmt"/>
        <line num="32" count="8" type="stmt"/>
        <line num="36" count="9" type="stmt"/>
        <line num="52" count="1" type="stmt"/>
      </file>
    </package>
    <package name="hooks">
      <metrics statements="23" coveredstatements="23" conditionals="0" coveredconditionals="0" methods="14" coveredmethods="14"/>
      <file name="useToast.tsx" path="C:\Site&App\Testes\guru_teste\frontend\src\hooks\useToast.tsx">
        <metrics statements="11" coveredstatements="11" conditionals="0" coveredconditionals="0" methods="7" coveredmethods="7"/>
        <line num="19" count="2" type="stmt"/>
        <line num="21" count="2" type="stmt"/>
        <line num="22" count="5" type="stmt"/>
        <line num="24" count="5" type="stmt"/>
        <line num="26" count="2" type="stmt"/>
        <line num="28" count="2" type="stmt"/>
        <line num="34" count="2" type="stmt"/>
        <line num="39" count="5" type="stmt"/>
        <line num="40" count="1" type="stmt"/>
        <line num="43" count="5" type="stmt"/>
        <line num="52" count="10" type="stmt"/>
      </file>
      <file name="useUser.tsx" path="C:\Site&App\Testes\guru_teste\frontend\src\hooks\useUser.tsx">
        <metrics statements="12" coveredstatements="12" conditionals="0" coveredconditionals="0" methods="7" coveredmethods="7"/>
        <line num="23" count="1" type="stmt"/>
        <line num="25" count="1" type="stmt"/>
        <line num="29" count="1" type="stmt"/>
        <line num="31" count="1" type="stmt"/>
        <line num="35" count="1" type="stmt"/>
        <line num="37" count="1" type="stmt"/>
        <line num="41" count="1" type="stmt"/>
        <line num="43" count="1" type="stmt"/>
        <line num="47" count="1" type="stmt"/>
        <line num="55" count="1" type="stmt"/>
        <line num="59" count="2" type="stmt"/>
        <line num="61" count="1" type="stmt"/>
      </file>
    </package>
    <package name="organisms.Dashboard.UserItem">
      <metrics statements="15" coveredstatements="15" conditionals="1" coveredconditionals="1" methods="3" coveredmethods="3"/>
      <file name="index.tsx" path="C:\Site&App\Testes\guru_teste\frontend\src\organisms\Dashboard\UserItem\index.tsx">
        <metrics statements="15" coveredstatements="15" conditionals="1" coveredconditionals="1" methods="3" coveredmethods="3"/>
        <line num="19" count="91" type="stmt"/>
        <line num="20" count="91" type="stmt"/>
        <line num="22" count="91" type="stmt"/>
        <line num="24" count="91" type="stmt"/>
        <line num="26" count="2" type="stmt"/>
        <line num="27" count="2" type="stmt"/>
        <line num="29" count="2" type="stmt"/>
        <line num="32" count="1" type="cond" truecount="1" falsecount="0"/>
        <line num="33" count="1" type="stmt"/>
        <line num="39" count="1" type="stmt"/>
        <line num="42" count="1" type="stmt"/>
        <line num="44" count="1" type="stmt"/>
        <line num="51" count="2" type="stmt"/>
        <line num="57" count="91" type="stmt"/>
        <line num="102" count="2" type="stmt"/>
      </file>
    </package>
    <package name="organisms.Dashboard.UserItemSkeleton">
      <metrics statements="2" coveredstatements="2" conditionals="0" coveredconditionals="0" methods="2" coveredmethods="2"/>
      <file name="index.tsx" path="C:\Site&App\Testes\guru_teste\frontend\src\organisms\Dashboard\UserItemSkeleton\index.tsx">
        <metrics statements="2" coveredstatements="2" conditionals="0" coveredconditionals="0" methods="2" coveredmethods="2"/>
        <line num="6" count="2" type="stmt"/>
        <line num="11" count="20" type="stmt"/>
      </file>
    </package>
    <package name="pages.Dashboard">
      <metrics statements="19" coveredstatements="19" conditionals="24" coveredconditionals="24" methods="11" coveredmethods="11"/>
      <file name="index.tsx" path="C:\Site&App\Testes\guru_teste\frontend\src\pages\Dashboard\index.tsx">
        <metrics statements="19" coveredstatements="19" conditionals="24" coveredconditionals="24" methods="11" coveredmethods="11"/>
        <line num="24" count="14" type="stmt"/>
        <line num="26" count="14" type="stmt"/>
        <line num="35" count="14" type="stmt"/>
        <line num="37" count="14" type="stmt"/>
        <line num="44" count="2" type="stmt"/>
        <line num="45" count="2" type="stmt"/>
        <line num="50" count="1" type="stmt"/>
        <line num="51" count="1" type="stmt"/>
        <line num="56" count="1" type="stmt"/>
        <line num="57" count="1" type="stmt"/>
        <line num="61" count="14" type="cond" truecount="3" falsecount="0"/>
        <line num="63" count="14" type="cond" truecount="3" falsecount="0"/>
        <line num="65" count="14" type="stmt"/>
        <line num="66" count="13" type="cond" truecount="5" falsecount="0"/>
        <line num="67" count="1" type="stmt"/>
        <line num="68" count="1" type="stmt"/>
        <line num="73" count="14" type="stmt"/>
        <line num="81" count="1" type="stmt"/>
        <line num="125" count="83" type="stmt"/>
      </file>
    </package>
    <package name="pages.SignUp">
      <metrics statements="39" coveredstatements="39" conditionals="15" coveredconditionals="15" methods="4" coveredmethods="4"/>
      <file name="index.tsx" path="C:\Site&App\Testes\guru_teste\frontend\src\pages\SignUp\index.tsx">
        <metrics statements="39" coveredstatements="39" conditionals="15" coveredconditionals="15" methods="4" coveredmethods="4"/>
        <line num="25" count="27" type="stmt"/>
        <line num="26" count="27" type="stmt"/>
        <line num="27" count="27" type="stmt"/>
        <line num="28" count="27" type="stmt"/>
        <line num="29" count="27" type="stmt"/>
        <line num="31" count="27" type="stmt"/>
        <line num="32" count="27" type="stmt"/>
        <line num="34" count="27" type="stmt"/>
        <line num="35" count="10" type="cond" truecount="2" falsecount="0"/>
        <line num="36" count="6" type="stmt"/>
        <line num="37" count="6" type="stmt"/>
        <line num="38" count="6" type="stmt"/>
        <line num="40" count="5" type="stmt"/>
        <line num="42" count="1" type="stmt"/>
        <line num="48" count="27" type="stmt"/>
        <line num="50" count="6" type="stmt"/>
        <line num="51" count="6" type="stmt"/>
        <line num="53" count="6" type="stmt"/>
        <line num="55" count="6" type="stmt"/>
        <line num="57" count="6" type="stmt"/>
        <line num="66" count="4" type="cond" truecount="2" falsecount="0"/>
        <line num="67" count="2" type="stmt"/>
        <line num="72" count="2" type="stmt"/>
        <line num="76" count="2" type="cond" truecount="1" falsecount="0"/>
        <line num="77" count="2" type="stmt"/>
        <line num="83" count="2" type="stmt"/>
        <line num="85" count="2" type="stmt"/>
        <line num="88" count="4" type="stmt"/>
        <line num="90" count="4" type="stmt"/>
        <line num="97" count="4" type="cond" truecount="2" falsecount="0"/>
        <line num="98" count="2" type="stmt"/>
        <line num="100" count="2" type="stmt"/>
        <line num="102" count="2" type="stmt"/>
        <line num="105" count="2" type="cond" truecount="2" falsecount="0"/>
        <line num="106" count="1" type="stmt"/>
        <line num="109" count="2" type="cond" truecount="2" falsecount="0"/>
        <line num="110" count="1" type="stmt"/>
        <line num="113" count="6" type="stmt"/>
        <line num="119" count="27" type="stmt"/>
      </file>
    </package>
  </project>
</coverage>
