{"C:\\Site&App\\Testes\\guru_teste\\frontend\\src\\components\\ActivityIndicator\\index.tsx": {"path":"C:\\Site&App\\Testes\\guru_teste\\frontend\\src\\components\\ActivityIndicator\\index.tsx","statementMap":{"0":{"start":{"line":16,"column":26},"end":{"line":20,"column":3}},"1":{"start":{"line":22,"column":23},"end":{"line":26,"column":3}},"2":{"start":{"line":28,"column":2},"end":{"line":42,"column":4}}},"fnMap":{"0":{"name":"ActivityIndicator","decl":{"start":{"line":10,"column":16},"end":{"line":10,"column":33}},"loc":{"start":{"line":15,"column":27},"end":{"line":43,"column":1}},"line":15}},"branchMap":{"0":{"loc":{"start":{"line":11,"column":2},"end":{"line":11,"column":24}},"type":"default-arg","locations":[{"start":{"line":11,"column":17},"end":{"line":11,"column":24}}],"line":11},"1":{"loc":{"start":{"line":12,"column":2},"end":{"line":12,"column":17}},"type":"default-arg","locations":[{"start":{"line":12,"column":10},"end":{"line":12,"column":17}}],"line":12},"2":{"loc":{"start":{"line":14,"column":2},"end":{"line":14,"column":15}},"type":"default-arg","locations":[{"start":{"line":14,"column":9},"end":{"line":14,"column":15}}],"line":14},"3":{"loc":{"start":{"line":28,"column":9},"end":{"line":42,"column":3}},"type":"cond-expr","locations":[{"start":{"line":29,"column":4},"end":{"line":34,"column":6}},{"start":{"line":36,"column":4},"end":{"line":41,"column":6}}],"line":28}},"s":{"0":14,"1":14,"2":14},"f":{"0":14},"b":{"0":[1],"1":[3],"2":[1],"3":[4,10]},"_coverageSchema":"1a1c01bbd47fc00a2c39e90264f33305004495a9","hash":"0e992c1b71d1d5adaf6b322b5c238df0dd037ba6"}
,"C:\\Site&App\\Testes\\guru_teste\\frontend\\src\\components\\BoxContainer\\index.tsx": {"path":"C:\\Site&App\\Testes\\guru_teste\\frontend\\src\\components\\BoxContainer\\index.tsx","statementMap":{"0":{"start":{"line":10,"column":2},"end":{"line":18,"column":4}}},"fnMap":{"0":{"name":"BoxContainer","decl":{"start":{"line":9,"column":16},"end":{"line":9,"column":28}},"loc":{"start":{"line":9,"column":71},"end":{"line":19,"column":1}},"line":9}},"branchMap":{},"s":{"0":42},"f":{"0":42},"b":{},"_coverageSchema":"1a1c01bbd47fc00a2c39e90264f33305004495a9","hash":"89e8c22e171d06f7edd31cd5358a612ecf62da55"}
,"C:\\Site&App\\Testes\\guru_teste\\frontend\\src\\components\\Button\\index.tsx": {"path":"C:\\Site&App\\Testes\\guru_teste\\frontend\\src\\components\\Button\\index.tsx","statementMap":{"0":{"start":{"line":18,"column":2},"end":{"line":36,"column":4}}},"fnMap":{"0":{"name":"Button","decl":{"start":{"line":12,"column":16},"end":{"line":12,"column":22}},"loc":{"start":{"line":17,"column":16},"end":{"line":37,"column":1}},"line":17}},"branchMap":{"0":{"loc":{"start":{"line":15,"column":2},"end":{"line":15,"column":23}},"type":"default-arg","locations":[{"start":{"line":15,"column":16},"end":{"line":15,"column":23}}],"line":15},"1":{"loc":{"start":{"line":25,"column":7},"end":{"line":34,"column":7}},"type":"cond-expr","locations":[{"start":{"line":26,"column":8},"end":{"line":31,"column":10}},{"start":{"line":33,"column":8},"end":{"line":33,"column":16}}],"line":25}},"s":{"0":43},"f":{"0":43},"b":{"0":[43],"1":[7,36]},"_coverageSchema":"1a1c01bbd47fc00a2c39e90264f33305004495a9","hash":"544c1e12075571470b6791b22d81198f80446aa9"}
,"C:\\Site&App\\Testes\\guru_teste\\frontend\\src\\components\\Input\\index.tsx": {"path":"C:\\Site&App\\Testes\\guru_teste\\frontend\\src\\components\\Input\\index.tsx","statementMap":{"0":{"start":{"line":11,"column":43},"end":{"line":76,"column":1}},"1":{"start":{"line":12,"column":19},"end":{"line":12,"column":49}},"2":{"start":{"line":13,"column":36},"end":{"line":13,"column":51}},"3":{"start":{"line":14,"column":34},"end":{"line":14,"column":49}},"4":{"start":{"line":15,"column":65},"end":{"line":15,"column":79}},"5":{"start":{"line":16,"column":38},"end":{"line":16,"column":50}},"6":{"start":{"line":18,"column":2},"end":{"line":21,"column":21}},"7":{"start":{"line":20,"column":4},"end":{"line":20,"column":59}},"8":{"start":{"line":20,"column":31},"end":{"line":20,"column":59}},"9":{"start":{"line":24,"column":4},"end":{"line":24,"column":23}},"10":{"start":{"line":28,"column":4},"end":{"line":28,"column":24}},"11":{"start":{"line":30,"column":4},"end":{"line":30,"column":43}},"12":{"start":{"line":33,"column":2},"end":{"line":49,"column":33}},"13":{"start":{"line":34,"column":4},"end":{"line":48,"column":7}},"14":{"start":{"line":38,"column":8},"end":{"line":38,"column":34}},"15":{"start":{"line":42,"column":8},"end":{"line":46,"column":9}},"16":{"start":{"line":43,"column":10},"end":{"line":43,"column":41}},"17":{"start":{"line":45,"column":10},"end":{"line":45,"column":36}},"18":{"start":{"line":51,"column":2},"end":{"line":75,"column":4}},"19":{"start":{"line":63,"column":23},"end":{"line":63,"column":52}}},"fnMap":{"0":{"name":"(anonymous_0)","decl":{"start":{"line":11,"column":43},"end":{"line":11,"column":44}},"loc":{"start":{"line":11,"column":66},"end":{"line":76,"column":1}},"line":11},"1":{"name":"(anonymous_1)","decl":{"start":{"line":18,"column":12},"end":{"line":18,"column":13}},"loc":{"start":{"line":18,"column":18},"end":{"line":21,"column":3}},"line":18},"2":{"name":"handleInputFocus","decl":{"start":{"line":23,"column":11},"end":{"line":23,"column":27}},"loc":{"start":{"line":23,"column":30},"end":{"line":25,"column":3}},"line":23},"3":{"name":"handleInputBlur","decl":{"start":{"line":27,"column":11},"end":{"line":27,"column":26}},"loc":{"start":{"line":27,"column":29},"end":{"line":31,"column":3}},"line":27},"4":{"name":"(anonymous_4)","decl":{"start":{"line":33,"column":12},"end":{"line":33,"column":13}},"loc":{"start":{"line":33,"column":18},"end":{"line":49,"column":3}},"line":33},"5":{"name":"(anonymous_5)","decl":{"start":{"line":37,"column":16},"end":{"line":37,"column":17}},"loc":{"start":{"line":37,"column":23},"end":{"line":39,"column":7}},"line":37},"6":{"name":"(anonymous_6)","decl":{"start":{"line":40,"column":16},"end":{"line":40,"column":17}},"loc":{"start":{"line":40,"column":32},"end":{"line":47,"column":7}},"line":40},"7":{"name":"(anonymous_7)","decl":{"start":{"line":63,"column":18},"end":{"line":63,"column":19}},"loc":{"start":{"line":63,"column":23},"end":{"line":63,"column":52}},"line":63}},"branchMap":{"0":{"loc":{"start":{"line":15,"column":21},"end":{"line":15,"column":38}},"type":"default-arg","locations":[{"start":{"line":15,"column":36},"end":{"line":15,"column":38}}],"line":15},"1":{"loc":{"start":{"line":20,"column":4},"end":{"line":20,"column":59}},"type":"if","locations":[{"start":{"line":20,"column":4},"end":{"line":20,"column":59}}],"line":20},"2":{"loc":{"start":{"line":42,"column":8},"end":{"line":46,"column":9}},"type":"if","locations":[{"start":{"line":42,"column":8},"end":{"line":46,"column":9}}],"line":42},"3":{"loc":{"start":{"line":69,"column":7},"end":{"line":73,"column":7}},"type":"binary-expr","locations":[{"start":{"line":69,"column":7},"end":{"line":69,"column":12}},{"start":{"line":70,"column":8},"end":{"line":72,"column":13}}],"line":69}},"s":{"0":2,"1":153,"2":153,"3":153,"4":153,"5":153,"6":153,"7":56,"8":56,"9":1,"10":1,"11":1,"12":153,"13":41,"14":22,"15":1,"16":1,"17":1,"18":153,"19":17},"f":{"0":153,"1":56,"2":1,"3":1,"4":41,"5":22,"6":1,"7":17},"b":{"0":[91],"1":[56],"2":[1],"3":[153,15]},"_coverageSchema":"1a1c01bbd47fc00a2c39e90264f33305004495a9","hash":"5672a70d8275fb1afa610e9b560e5d2bd683b675"}
,"C:\\Site&App\\Testes\\guru_teste\\frontend\\src\\components\\Pagination\\index.tsx": {"path":"C:\\Site&App\\Testes\\guru_teste\\frontend\\src\\components\\Pagination\\index.tsx","statementMap":{"0":{"start":{"line":18,"column":22},"end":{"line":18,"column":23}},"1":{"start":{"line":21,"column":2},"end":{"line":25,"column":30}},"2":{"start":{"line":23,"column":6},"end":{"line":23,"column":30}},"3":{"start":{"line":25,"column":20},"end":{"line":25,"column":28}},"4":{"start":{"line":38,"column":4},"end":{"line":40,"column":10}},"5":{"start":{"line":43,"column":4},"end":{"line":48,"column":10}},"6":{"start":{"line":50,"column":34},"end":{"line":52,"column":33}},"7":{"start":{"line":51,"column":4},"end":{"line":51,"column":48}},"8":{"start":{"line":54,"column":32},"end":{"line":58,"column":45}},"9":{"start":{"line":57,"column":4},"end":{"line":57,"column":61}},"10":{"start":{"line":60,"column":2},"end":{"line":169,"column":4}},"11":{"start":{"line":72,"column":27},"end":{"line":72,"column":54}},"12":{"start":{"line":104,"column":12},"end":{"line":111,"column":14}},"13":{"start":{"line":123,"column":12},"end":{"line":130,"column":14}},"14":{"start":{"line":149,"column":27},"end":{"line":149,"column":54}}},"fnMap":{"0":{"name":"generatePagesArray","decl":{"start":{"line":20,"column":9},"end":{"line":20,"column":27}},"loc":{"start":{"line":20,"column":54},"end":{"line":26,"column":1}},"line":20},"1":{"name":"(anonymous_1)","decl":{"start":{"line":22,"column":9},"end":{"line":22,"column":10}},"loc":{"start":{"line":22,"column":23},"end":{"line":24,"column":5}},"line":22},"2":{"name":"(anonymous_2)","decl":{"start":{"line":25,"column":12},"end":{"line":25,"column":13}},"loc":{"start":{"line":25,"column":20},"end":{"line":25,"column":28}},"line":25},"3":{"name":"Pagination","decl":{"start":{"line":28,"column":16},"end":{"line":28,"column":26}},"loc":{"start":{"line":36,"column":20},"end":{"line":170,"column":1}},"line":36},"4":{"name":"(anonymous_4)","decl":{"start":{"line":50,"column":42},"end":{"line":50,"column":43}},"loc":{"start":{"line":50,"column":48},"end":{"line":52,"column":3}},"line":50},"5":{"name":"(anonymous_5)","decl":{"start":{"line":54,"column":40},"end":{"line":54,"column":41}},"loc":{"start":{"line":54,"column":46},"end":{"line":58,"column":3}},"line":54},"6":{"name":"(anonymous_6)","decl":{"start":{"line":72,"column":21},"end":{"line":72,"column":22}},"loc":{"start":{"line":72,"column":27},"end":{"line":72,"column":54}},"line":72},"7":{"name":"(anonymous_7)","decl":{"start":{"line":103,"column":28},"end":{"line":103,"column":29}},"loc":{"start":{"line":103,"column":36},"end":{"line":112,"column":11}},"line":103},"8":{"name":"(anonymous_8)","decl":{"start":{"line":122,"column":24},"end":{"line":122,"column":25}},"loc":{"start":{"line":122,"column":32},"end":{"line":131,"column":11}},"line":122},"9":{"name":"(anonymous_9)","decl":{"start":{"line":149,"column":21},"end":{"line":149,"column":22}},"loc":{"start":{"line":149,"column":27},"end":{"line":149,"column":54}},"line":149}},"branchMap":{"0":{"loc":{"start":{"line":34,"column":2},"end":{"line":34,"column":21}},"type":"default-arg","locations":[{"start":{"line":34,"column":19},"end":{"line":34,"column":21}}],"line":34},"1":{"loc":{"start":{"line":38,"column":4},"end":{"line":40,"column":10}},"type":"cond-expr","locations":[{"start":{"line":39,"column":8},"end":{"line":39,"column":72}},{"start":{"line":40,"column":8},"end":{"line":40,"column":10}}],"line":38},"2":{"loc":{"start":{"line":43,"column":4},"end":{"line":48,"column":10}},"type":"cond-expr","locations":[{"start":{"line":44,"column":8},"end":{"line":47,"column":9}},{"start":{"line":48,"column":8},"end":{"line":48,"column":10}}],"line":43},"3":{"loc":{"start":{"line":69,"column":9},"end":{"line":87,"column":9}},"type":"cond-expr","locations":[{"start":{"line":70,"column":10},"end":{"line":77,"column":19}},{"start":{"line":79,"column":10},"end":{"line":86,"column":19}}],"line":69},"4":{"loc":{"start":{"line":89,"column":9},"end":{"line":100,"column":9}},"type":"binary-expr","locations":[{"start":{"line":89,"column":9},"end":{"line":89,"column":38}},{"start":{"line":90,"column":10},"end":{"line":99,"column":13}}],"line":89},"5":{"loc":{"start":{"line":96,"column":13},"end":{"line":98,"column":13}},"type":"binary-expr","locations":[{"start":{"line":96,"column":13},"end":{"line":96,"column":42}},{"start":{"line":97,"column":14},"end":{"line":97,"column":73}}],"line":96},"6":{"loc":{"start":{"line":102,"column":9},"end":{"line":112,"column":12}},"type":"binary-expr","locations":[{"start":{"line":102,"column":9},"end":{"line":102,"column":33}},{"start":{"line":103,"column":10},"end":{"line":112,"column":12}}],"line":102},"7":{"loc":{"start":{"line":121,"column":9},"end":{"line":131,"column":12}},"type":"binary-expr","locations":[{"start":{"line":121,"column":9},"end":{"line":121,"column":29}},{"start":{"line":122,"column":10},"end":{"line":131,"column":12}}],"line":121},"8":{"loc":{"start":{"line":133,"column":9},"end":{"line":144,"column":9}},"type":"binary-expr","locations":[{"start":{"line":133,"column":9},"end":{"line":133,"column":47}},{"start":{"line":134,"column":10},"end":{"line":143,"column":13}}],"line":133},"9":{"loc":{"start":{"line":135,"column":13},"end":{"line":137,"column":13}},"type":"binary-expr","locations":[{"start":{"line":135,"column":13},"end":{"line":135,"column":55}},{"start":{"line":136,"column":14},"end":{"line":136,"column":74}}],"line":135},"10":{"loc":{"start":{"line":146,"column":9},"end":{"line":164,"column":9}},"type":"cond-expr","locations":[{"start":{"line":147,"column":10},"end":{"line":154,"column":19}},{"start":{"line":156,"column":10},"end":{"line":163,"column":19}}],"line":146}},"s":{"0":2,"1":20,"2":20,"3":20,"4":17,"5":17,"6":17,"7":15,"8":17,"9":8,"10":17,"11":1,"12":7,"13":13,"14":2},"f":{"0":20,"1":20,"2":20,"3":17,"4":15,"5":17,"6":1,"7":7,"8":13,"9":2},"b":{"0":[7],"1":[7,10],"2":[13,4],"3":[7,10],"4":[17,5],"5":[5,4],"6":[17,7],"7":[17,13],"8":[17,6],"9":[6,6],"10":[13,4]},"_coverageSchema":"1a1c01bbd47fc00a2c39e90264f33305004495a9","hash":"49afbfa25392e9192db4673f9d12069557ae12ca"}
,"C:\\Site&App\\Testes\\guru_teste\\frontend\\src\\components\\Pagination\\PaginationItem\\index.tsx": {"path":"C:\\Site&App\\Testes\\guru_teste\\frontend\\src\\components\\Pagination\\PaginationItem\\index.tsx","statementMap":{"0":{"start":{"line":12,"column":61},"end":{"line":45,"column":1}},"1":{"start":{"line":18,"column":2},"end":{"line":30,"column":3}},"2":{"start":{"line":19,"column":4},"end":{"line":29,"column":6}},"3":{"start":{"line":32,"column":2},"end":{"line":44,"column":4}},"4":{"start":{"line":37,"column":10},"end":{"line":37,"column":31}}},"fnMap":{"0":{"name":"(anonymous_0)","decl":{"start":{"line":12,"column":61},"end":{"line":12,"column":62}},"loc":{"start":{"line":17,"column":6},"end":{"line":45,"column":1}},"line":17},"1":{"name":"(anonymous_1)","decl":{"start":{"line":36,"column":17},"end":{"line":36,"column":18}},"loc":{"start":{"line":36,"column":23},"end":{"line":38,"column":9}},"line":36}},"branchMap":{"0":{"loc":{"start":{"line":18,"column":2},"end":{"line":30,"column":3}},"type":"if","locations":[{"start":{"line":18,"column":2},"end":{"line":30,"column":3}},{"start":{"line":18,"column":2},"end":{"line":30,"column":3}}],"line":18}},"s":{"0":3,"1":50,"2":18,"3":32,"4":1},"f":{"0":50,"1":1},"b":{"0":[18,32]},"_coverageSchema":"1a1c01bbd47fc00a2c39e90264f33305004495a9","hash":"014fef8553d0a12a06de858b7248186327f7a378"}
,"C:\\Site&App\\Testes\\guru_teste\\frontend\\src\\components\\Search\\index.tsx": {"path":"C:\\Site&App\\Testes\\guru_teste\\frontend\\src\\components\\Search\\index.tsx","statementMap":{"0":{"start":{"line":13,"column":26},"end":{"line":13,"column":38}},"1":{"start":{"line":14,"column":38},"end":{"line":14,"column":53}},"2":{"start":{"line":17,"column":4},"end":{"line":17,"column":23}},"3":{"start":{"line":18,"column":4},"end":{"line":18,"column":33}},"4":{"start":{"line":18,"column":26},"end":{"line":18,"column":33}},"5":{"start":{"line":19,"column":4},"end":{"line":19,"column":20}},"6":{"start":{"line":23,"column":4},"end":{"line":23,"column":24}},"7":{"start":{"line":27,"column":4},"end":{"line":27,"column":25}},"8":{"start":{"line":29,"column":2},"end":{"line":48,"column":4}},"9":{"start":{"line":40,"column":23},"end":{"line":40,"column":46}}},"fnMap":{"0":{"name":"Search","decl":{"start":{"line":12,"column":16},"end":{"line":12,"column":22}},"loc":{"start":{"line":12,"column":68},"end":{"line":49,"column":1}},"line":12},"1":{"name":"handleSubmit","decl":{"start":{"line":16,"column":11},"end":{"line":16,"column":23}},"loc":{"start":{"line":16,"column":38},"end":{"line":20,"column":3}},"line":16},"2":{"name":"handleFocus","decl":{"start":{"line":22,"column":11},"end":{"line":22,"column":22}},"loc":{"start":{"line":22,"column":25},"end":{"line":24,"column":3}},"line":22},"3":{"name":"handleBlur","decl":{"start":{"line":26,"column":11},"end":{"line":26,"column":21}},"loc":{"start":{"line":26,"column":24},"end":{"line":28,"column":3}},"line":26},"4":{"name":"(anonymous_4)","decl":{"start":{"line":40,"column":18},"end":{"line":40,"column":19}},"loc":{"start":{"line":40,"column":23},"end":{"line":40,"column":46}},"line":40}},"branchMap":{"0":{"loc":{"start":{"line":18,"column":4},"end":{"line":18,"column":33}},"type":"if","locations":[{"start":{"line":18,"column":4},"end":{"line":18,"column":33}},{"start":{"line":18,"column":4},"end":{"line":18,"column":33}}],"line":18},"1":{"loc":{"start":{"line":18,"column":8},"end":{"line":18,"column":24}},"type":"binary-expr","locations":[{"start":{"line":18,"column":8},"end":{"line":18,"column":13}},{"start":{"line":18,"column":17},"end":{"line":18,"column":24}}],"line":18}},"s":{"0":24,"1":24,"2":4,"3":4,"4":1,"5":3,"6":1,"7":1,"8":24,"9":3},"f":{"0":24,"1":4,"2":1,"3":1,"4":3},"b":{"0":[1,3],"1":[4,2]},"_coverageSchema":"1a1c01bbd47fc00a2c39e90264f33305004495a9","hash":"970395a12f13aa610ee5b1c3d0d64a124ae7b79e"}
,"C:\\Site&App\\Testes\\guru_teste\\frontend\\src\\components\\SelectSizePagination\\index.tsx": {"path":"C:\\Site&App\\Testes\\guru_teste\\frontend\\src\\components\\SelectSizePagination\\index.tsx","statementMap":{"0":{"start":{"line":15,"column":16},"end":{"line":28,"column":1}},"1":{"start":{"line":34,"column":2},"end":{"line":44,"column":4}}},"fnMap":{"0":{"name":"SelectSizePagination","decl":{"start":{"line":30,"column":16},"end":{"line":30,"column":36}},"loc":{"start":{"line":33,"column":10},"end":{"line":45,"column":1}},"line":33}},"branchMap":{},"s":{"0":2,"1":16},"f":{"0":16},"b":{},"_coverageSchema":"1a1c01bbd47fc00a2c39e90264f33305004495a9","hash":"7f8960b7d1d1aae268717e3e31f750e0fa73cffd"}
,"C:\\Site&App\\Testes\\guru_teste\\frontend\\src\\components\\ToastContainer\\index.tsx": {"path":"C:\\Site&App\\Testes\\guru_teste\\frontend\\src\\components\\ToastContainer\\index.tsx","statementMap":{"0":{"start":{"line":15,"column":2},"end":{"line":28,"column":4}},"1":{"start":{"line":24,"column":10},"end":{"line":24,"column":63}}},"fnMap":{"0":{"name":"ToastContainer","decl":{"start":{"line":14,"column":16},"end":{"line":14,"column":30}},"loc":{"start":{"line":14,"column":66},"end":{"line":29,"column":1}},"line":14},"1":{"name":"(anonymous_1)","decl":{"start":{"line":23,"column":9},"end":{"line":23,"column":10}},"loc":{"start":{"line":24,"column":10},"end":{"line":24,"column":63}},"line":24}},"branchMap":{},"s":{"0":6,"1":5},"f":{"0":6,"1":5},"b":{},"_coverageSchema":"1a1c01bbd47fc00a2c39e90264f33305004495a9","hash":"5ed112576f805e9a110a09cf07501a6ef8153cc4"}
,"C:\\Site&App\\Testes\\guru_teste\\frontend\\src\\components\\ToastContainer\\Toast\\index.tsx": {"path":"C:\\Site&App\\Testes\\guru_teste\\frontend\\src\\components\\ToastContainer\\Toast\\index.tsx","statementMap":{"0":{"start":{"line":17,"column":14},"end":{"line":21,"column":1}},"1":{"start":{"line":24,"column":26},"end":{"line":24,"column":36}},"2":{"start":{"line":26,"column":2},"end":{"line":34,"column":32}},"3":{"start":{"line":27,"column":18},"end":{"line":29,"column":12}},"4":{"start":{"line":28,"column":6},"end":{"line":28,"column":30}},"5":{"start":{"line":31,"column":4},"end":{"line":33,"column":6}},"6":{"start":{"line":32,"column":6},"end":{"line":32,"column":26}},"7":{"start":{"line":36,"column":2},"end":{"line":58,"column":4}},"8":{"start":{"line":52,"column":23},"end":{"line":52,"column":46}}},"fnMap":{"0":{"name":"Toast","decl":{"start":{"line":23,"column":16},"end":{"line":23,"column":21}},"loc":{"start":{"line":23,"column":54},"end":{"line":59,"column":1}},"line":23},"1":{"name":"(anonymous_1)","decl":{"start":{"line":26,"column":12},"end":{"line":26,"column":13}},"loc":{"start":{"line":26,"column":18},"end":{"line":34,"column":3}},"line":26},"2":{"name":"(anonymous_2)","decl":{"start":{"line":27,"column":29},"end":{"line":27,"column":30}},"loc":{"start":{"line":27,"column":35},"end":{"line":29,"column":5}},"line":27},"3":{"name":"(anonymous_3)","decl":{"start":{"line":31,"column":11},"end":{"line":31,"column":12}},"loc":{"start":{"line":31,"column":17},"end":{"line":33,"column":5}},"line":31},"4":{"name":"(anonymous_4)","decl":{"start":{"line":52,"column":17},"end":{"line":52,"column":18}},"loc":{"start":{"line":52,"column":23},"end":{"line":52,"column":46}},"line":52}},"branchMap":{"0":{"loc":{"start":{"line":43,"column":13},"end":{"line":43,"column":35}},"type":"binary-expr","locations":[{"start":{"line":43,"column":13},"end":{"line":43,"column":25}},{"start":{"line":43,"column":29},"end":{"line":43,"column":35}}],"line":43},"1":{"loc":{"start":{"line":47,"column":9},"end":{"line":47,"column":60}},"type":"binary-expr","locations":[{"start":{"line":47,"column":9},"end":{"line":47,"column":28}},{"start":{"line":47,"column":32},"end":{"line":47,"column":60}}],"line":47}},"s":{"0":3,"1":9,"2":9,"3":8,"4":1,"5":8,"6":8,"7":9,"8":1},"f":{"0":9,"1":8,"2":1,"3":8,"4":1},"b":{"0":[9,1],"1":[9,9]},"_coverageSchema":"1a1c01bbd47fc00a2c39e90264f33305004495a9","hash":"571cb69df672356c167ff0ee78ee7f8244958a0b"}
,"C:\\Site&App\\Testes\\guru_teste\\frontend\\src\\hooks\\useToast.tsx": {"path":"C:\\Site&App\\Testes\\guru_teste\\frontend\\src\\hooks\\useToast.tsx","statementMap":{"0":{"start":{"line":19,"column":21},"end":{"line":19,"column":76}},"1":{"start":{"line":21,"column":39},"end":{"line":49,"column":1}},"2":{"start":{"line":22,"column":34},"end":{"line":22,"column":62}},"3":{"start":{"line":24,"column":19},"end":{"line":37,"column":3}},"4":{"start":{"line":26,"column":17},"end":{"line":26,"column":23}},"5":{"start":{"line":28,"column":20},"end":{"line":33,"column":7}},"6":{"start":{"line":34,"column":6},"end":{"line":34,"column":58}},"7":{"start":{"line":34,"column":33},"end":{"line":34,"column":56}},"8":{"start":{"line":39,"column":22},"end":{"line":41,"column":8}},"9":{"start":{"line":40,"column":4},"end":{"line":40,"column":70}},"10":{"start":{"line":40,"column":25},"end":{"line":40,"column":68}},"11":{"start":{"line":40,"column":50},"end":{"line":40,"column":67}},"12":{"start":{"line":43,"column":2},"end":{"line":48,"column":4}},"13":{"start":{"line":52,"column":2},"end":{"line":52,"column":34}}},"fnMap":{"0":{"name":"(anonymous_0)","decl":{"start":{"line":21,"column":39},"end":{"line":21,"column":40}},"loc":{"start":{"line":21,"column":57},"end":{"line":49,"column":1}},"line":21},"1":{"name":"(anonymous_1)","decl":{"start":{"line":25,"column":4},"end":{"line":25,"column":5}},"loc":{"start":{"line":25,"column":64},"end":{"line":35,"column":5}},"line":25},"2":{"name":"(anonymous_2)","decl":{"start":{"line":34,"column":18},"end":{"line":34,"column":19}},"loc":{"start":{"line":34,"column":33},"end":{"line":34,"column":56}},"line":34},"3":{"name":"(anonymous_3)","decl":{"start":{"line":39,"column":34},"end":{"line":39,"column":35}},"loc":{"start":{"line":39,"column":50},"end":{"line":41,"column":3}},"line":39},"4":{"name":"(anonymous_4)","decl":{"start":{"line":40,"column":16},"end":{"line":40,"column":17}},"loc":{"start":{"line":40,"column":25},"end":{"line":40,"column":68}},"line":40},"5":{"name":"(anonymous_5)","decl":{"start":{"line":40,"column":39},"end":{"line":40,"column":40}},"loc":{"start":{"line":40,"column":50},"end":{"line":40,"column":67}},"line":40},"6":{"name":"useToast","decl":{"start":{"line":51,"column":16},"end":{"line":51,"column":24}},"loc":{"start":{"line":51,"column":45},"end":{"line":53,"column":1}},"line":51}},"branchMap":{},"s":{"0":2,"1":2,"2":5,"3":5,"4":2,"5":2,"6":2,"7":2,"8":5,"9":1,"10":1,"11":1,"12":5,"13":10},"f":{"0":5,"1":2,"2":2,"3":1,"4":1,"5":1,"6":10},"b":{},"_coverageSchema":"1a1c01bbd47fc00a2c39e90264f33305004495a9","hash":"e8529e72855d2c1b83a0303da4b620b1fd3a89ff"}
,"C:\\Site&App\\Testes\\guru_teste\\frontend\\src\\hooks\\useUser.tsx": {"path":"C:\\Site&App\\Testes\\guru_teste\\frontend\\src\\hooks\\useUser.tsx","statementMap":{"0":{"start":{"line":23,"column":19},"end":{"line":23,"column":49}},"1":{"start":{"line":25,"column":2},"end":{"line":25,"column":18}},"2":{"start":{"line":29,"column":19},"end":{"line":29,"column":59}},"3":{"start":{"line":31,"column":2},"end":{"line":31,"column":18}},"4":{"start":{"line":35,"column":19},"end":{"line":35,"column":51}},"5":{"start":{"line":37,"column":2},"end":{"line":37,"column":18}},"6":{"start":{"line":41,"column":19},"end":{"line":41,"column":48}},"7":{"start":{"line":43,"column":2},"end":{"line":43,"column":18}},"8":{"start":{"line":47,"column":19},"end":{"line":53,"column":4}},"9":{"start":{"line":55,"column":2},"end":{"line":55,"column":14}},"10":{"start":{"line":59,"column":2},"end":{"line":65,"column":4}},"11":{"start":{"line":61,"column":10},"end":{"line":61,"column":47}}},"fnMap":{"0":{"name":"createNewUser","decl":{"start":{"line":22,"column":22},"end":{"line":22,"column":35}},"loc":{"start":{"line":22,"column":52},"end":{"line":26,"column":1}},"line":22},"1":{"name":"updateUser","decl":{"start":{"line":28,"column":22},"end":{"line":28,"column":32}},"loc":{"start":{"line":28,"column":49},"end":{"line":32,"column":1}},"line":28},"2":{"name":"deleteUser","decl":{"start":{"line":34,"column":22},"end":{"line":34,"column":32}},"loc":{"start":{"line":34,"column":45},"end":{"line":38,"column":1}},"line":34},"3":{"name":"getUserById","decl":{"start":{"line":40,"column":22},"end":{"line":40,"column":33}},"loc":{"start":{"line":40,"column":46},"end":{"line":44,"column":1}},"line":40},"4":{"name":"getUsers","decl":{"start":{"line":46,"column":15},"end":{"line":46,"column":23}},"loc":{"start":{"line":46,"column":77},"end":{"line":56,"column":1}},"line":46},"5":{"name":"useUsers","decl":{"start":{"line":58,"column":16},"end":{"line":58,"column":24}},"loc":{"start":{"line":58,"column":78},"end":{"line":66,"column":1}},"line":58},"6":{"name":"(anonymous_6)","decl":{"start":{"line":61,"column":4},"end":{"line":61,"column":5}},"loc":{"start":{"line":61,"column":10},"end":{"line":61,"column":47}},"line":61}},"branchMap":{},"s":{"0":1,"1":1,"2":1,"3":1,"4":1,"5":1,"6":1,"7":1,"8":1,"9":1,"10":2,"11":1},"f":{"0":1,"1":1,"2":1,"3":1,"4":1,"5":2,"6":1},"b":{},"_coverageSchema":"1a1c01bbd47fc00a2c39e90264f33305004495a9","hash":"9f0569fcb0de3d155c2116c1aec0d3a5e9f5a697"}
,"C:\\Site&App\\Testes\\guru_teste\\frontend\\src\\organisms\\Dashboard\\UserItem\\index.tsx": {"path":"C:\\Site&App\\Testes\\guru_teste\\frontend\\src\\organisms\\Dashboard\\UserItem\\index.tsx","statementMap":{"0":{"start":{"line":19,"column":23},"end":{"line":19,"column":33}},"1":{"start":{"line":20,"column":22},"end":{"line":20,"column":38}},"2":{"start":{"line":22,"column":32},"end":{"line":22,"column":47}},"3":{"start":{"line":24,"column":27},"end":{"line":55,"column":3}},"4":{"start":{"line":26,"column":6},"end":{"line":52,"column":7}},"5":{"start":{"line":27,"column":8},"end":{"line":27,"column":25}},"6":{"start":{"line":29,"column":25},"end":{"line":29,"column":45}},"7":{"start":{"line":32,"column":8},"end":{"line":40,"column":9}},"8":{"start":{"line":33,"column":10},"end":{"line":37,"column":13}},"9":{"start":{"line":39,"column":10},"end":{"line":39,"column":49}},"10":{"start":{"line":42,"column":8},"end":{"line":42,"column":25}},"11":{"start":{"line":44,"column":8},"end":{"line":49,"column":11}},"12":{"start":{"line":51,"column":8},"end":{"line":51,"column":26}},"13":{"start":{"line":57,"column":2},"end":{"line":113,"column":4}},"14":{"start":{"line":102,"column":14},"end":{"line":102,"column":48}}},"fnMap":{"0":{"name":"UserItem","decl":{"start":{"line":18,"column":16},"end":{"line":18,"column":24}},"loc":{"start":{"line":18,"column":50},"end":{"line":114,"column":1}},"line":18},"1":{"name":"(anonymous_1)","decl":{"start":{"line":25,"column":4},"end":{"line":25,"column":5}},"loc":{"start":{"line":25,"column":26},"end":{"line":53,"column":5}},"line":25},"2":{"name":"(anonymous_2)","decl":{"start":{"line":101,"column":21},"end":{"line":101,"column":22}},"loc":{"start":{"line":101,"column":27},"end":{"line":103,"column":13}},"line":101}},"branchMap":{"0":{"loc":{"start":{"line":32,"column":8},"end":{"line":40,"column":9}},"type":"if","locations":[{"start":{"line":32,"column":8},"end":{"line":40,"column":9}}],"line":32}},"s":{"0":91,"1":91,"2":91,"3":91,"4":2,"5":2,"6":2,"7":1,"8":1,"9":1,"10":1,"11":1,"12":2,"13":91,"14":2},"f":{"0":91,"1":2,"2":2},"b":{"0":[1]},"_coverageSchema":"1a1c01bbd47fc00a2c39e90264f33305004495a9","hash":"26d6aee3e9c35822370007426d7bc6f17be74f09"}
,"C:\\Site&App\\Testes\\guru_teste\\frontend\\src\\organisms\\Dashboard\\UserItemSkeleton\\index.tsx": {"path":"C:\\Site&App\\Testes\\guru_teste\\frontend\\src\\organisms\\Dashboard\\UserItemSkeleton\\index.tsx","statementMap":{"0":{"start":{"line":6,"column":2},"end":{"line":31,"column":4}},"1":{"start":{"line":11,"column":10},"end":{"line":28,"column":22}}},"fnMap":{"0":{"name":"UserItemSkeleton","decl":{"start":{"line":5,"column":16},"end":{"line":5,"column":32}},"loc":{"start":{"line":5,"column":35},"end":{"line":32,"column":1}},"line":5},"1":{"name":"(anonymous_1)","decl":{"start":{"line":10,"column":13},"end":{"line":10,"column":14}},"loc":{"start":{"line":11,"column":10},"end":{"line":28,"column":22}},"line":11}},"branchMap":{},"s":{"0":2,"1":20},"f":{"0":2,"1":20},"b":{},"_coverageSchema":"1a1c01bbd47fc00a2c39e90264f33305004495a9","hash":"f4fec3e44c3eec909ffd0f5df18bc30f912690bc"}
,"C:\\Site&App\\Testes\\guru_teste\\frontend\\src\\pages\\Dashboard\\index.tsx": {"path":"C:\\Site&App\\Testes\\guru_teste\\frontend\\src\\pages\\Dashboard\\index.tsx","statementMap":{"0":{"start":{"line":24,"column":19},"end":{"line":24,"column":31}},"1":{"start":{"line":26,"column":38},"end":{"line":33,"column":4}},"2":{"start":{"line":35,"column":43},"end":{"line":35,"column":53}},"3":{"start":{"line":37,"column":53},"end":{"line":41,"column":3}},"4":{"start":{"line":44,"column":4},"end":{"line":46,"column":7}},"5":{"start":{"line":45,"column":6},"end":{"line":45,"column":53}},"6":{"start":{"line":50,"column":4},"end":{"line":52,"column":7}},"7":{"start":{"line":51,"column":6},"end":{"line":51,"column":45}},"8":{"start":{"line":56,"column":4},"end":{"line":58,"column":7}},"9":{"start":{"line":57,"column":6},"end":{"line":57,"column":60}},"10":{"start":{"line":61,"column":24},"end":{"line":61,"column":68}},"11":{"start":{"line":63,"column":32},"end":{"line":63,"column":75}},"12":{"start":{"line":65,"column":2},"end":{"line":71,"column":13}},"13":{"start":{"line":66,"column":4},"end":{"line":70,"column":5}},"14":{"start":{"line":67,"column":6},"end":{"line":69,"column":9}},"15":{"start":{"line":68,"column":8},"end":{"line":68,"column":58}},"16":{"start":{"line":73,"column":2},"end":{"line":168,"column":4}},"17":{"start":{"line":81,"column":14},"end":{"line":81,"column":32}},"18":{"start":{"line":125,"column":39},"end":{"line":125,"column":77}}},"fnMap":{"0":{"name":"Dashboard","decl":{"start":{"line":23,"column":16},"end":{"line":23,"column":25}},"loc":{"start":{"line":23,"column":28},"end":{"line":169,"column":1}},"line":23},"1":{"name":"handleSetSearch","decl":{"start":{"line":43,"column":11},"end":{"line":43,"column":26}},"loc":{"start":{"line":43,"column":41},"end":{"line":47,"column":3}},"line":43},"2":{"name":"(anonymous_2)","decl":{"start":{"line":44,"column":18},"end":{"line":44,"column":19}},"loc":{"start":{"line":44,"column":31},"end":{"line":46,"column":5}},"line":44},"3":{"name":"handleSetPage","decl":{"start":{"line":49,"column":11},"end":{"line":49,"column":24}},"loc":{"start":{"line":49,"column":42},"end":{"line":53,"column":3}},"line":49},"4":{"name":"(anonymous_4)","decl":{"start":{"line":50,"column":18},"end":{"line":50,"column":19}},"loc":{"start":{"line":50,"column":31},"end":{"line":52,"column":5}},"line":50},"5":{"name":"handleSetItensPerPage","decl":{"start":{"line":55,"column":11},"end":{"line":55,"column":32}},"loc":{"start":{"line":55,"column":58},"end":{"line":59,"column":3}},"line":55},"6":{"name":"(anonymous_6)","decl":{"start":{"line":56,"column":18},"end":{"line":56,"column":19}},"loc":{"start":{"line":56,"column":31},"end":{"line":58,"column":5}},"line":56},"7":{"name":"(anonymous_7)","decl":{"start":{"line":65,"column":12},"end":{"line":65,"column":13}},"loc":{"start":{"line":65,"column":18},"end":{"line":71,"column":3}},"line":65},"8":{"name":"(anonymous_8)","decl":{"start":{"line":67,"column":20},"end":{"line":67,"column":21}},"loc":{"start":{"line":67,"column":33},"end":{"line":69,"column":7}},"line":67},"9":{"name":"(anonymous_9)","decl":{"start":{"line":80,"column":21},"end":{"line":80,"column":22}},"loc":{"start":{"line":80,"column":27},"end":{"line":82,"column":13}},"line":80},"10":{"name":"(anonymous_10)","decl":{"start":{"line":125,"column":31},"end":{"line":125,"column":32}},"loc":{"start":{"line":125,"column":39},"end":{"line":125,"column":77}},"line":125}},"branchMap":{"0":{"loc":{"start":{"line":61,"column":24},"end":{"line":61,"column":68}},"type":"binary-expr","locations":[{"start":{"line":61,"column":24},"end":{"line":61,"column":33}},{"start":{"line":61,"column":37},"end":{"line":61,"column":57}},{"start":{"line":61,"column":61},"end":{"line":61,"column":68}}],"line":61},"1":{"loc":{"start":{"line":63,"column":32},"end":{"line":63,"column":75}},"type":"binary-expr","locations":[{"start":{"line":63,"column":32},"end":{"line":63,"column":41}},{"start":{"line":63,"column":45},"end":{"line":63,"column":65}},{"start":{"line":63,"column":69},"end":{"line":63,"column":75}}],"line":63},"2":{"loc":{"start":{"line":66,"column":4},"end":{"line":70,"column":5}},"type":"if","locations":[{"start":{"line":66,"column":4},"end":{"line":70,"column":5}},{"start":{"line":66,"column":4},"end":{"line":70,"column":5}}],"line":66},"3":{"loc":{"start":{"line":66,"column":8},"end":{"line":66,"column":62}},"type":"binary-expr","locations":[{"start":{"line":66,"column":8},"end":{"line":66,"column":12}},{"start":{"line":66,"column":16},"end":{"line":66,"column":40}},{"start":{"line":66,"column":44},"end":{"line":66,"column":62}}],"line":66},"4":{"loc":{"start":{"line":96,"column":13},"end":{"line":103,"column":13}},"type":"binary-expr","locations":[{"start":{"line":96,"column":13},"end":{"line":96,"column":23}},{"start":{"line":97,"column":14},"end":{"line":102,"column":16}}],"line":96},"5":{"loc":{"start":{"line":113,"column":11},"end":{"line":119,"column":11}},"type":"binary-expr","locations":[{"start":{"line":113,"column":12},"end":{"line":113,"column":33}},{"start":{"line":113,"column":37},"end":{"line":113,"column":46}},{"start":{"line":114,"column":12},"end":{"line":118,"column":18}}],"line":113},"6":{"loc":{"start":{"line":122,"column":13},"end":{"line":126,"column":13}},"type":"cond-expr","locations":[{"start":{"line":123,"column":14},"end":{"line":123,"column":34}},{"start":{"line":125,"column":14},"end":{"line":125,"column":78}}],"line":122},"7":{"loc":{"start":{"line":132,"column":9},"end":{"line":142,"column":9}},"type":"binary-expr","locations":[{"start":{"line":132,"column":9},"end":{"line":132,"column":30}},{"start":{"line":133,"column":10},"end":{"line":141,"column":12}}],"line":132},"8":{"loc":{"start":{"line":144,"column":9},"end":{"line":154,"column":9}},"type":"binary-expr","locations":[{"start":{"line":144,"column":9},"end":{"line":144,"column":22}},{"start":{"line":145,"column":10},"end":{"line":153,"column":25}}],"line":144},"9":{"loc":{"start":{"line":156,"column":9},"end":{"line":165,"column":9}},"type":"binary-expr","locations":[{"start":{"line":156,"column":9},"end":{"line":156,"column":30}},{"start":{"line":157,"column":10},"end":{"line":164,"column":25}}],"line":156}},"s":{"0":14,"1":14,"2":14,"3":14,"4":2,"5":2,"6":1,"7":1,"8":1,"9":1,"10":14,"11":14,"12":14,"13":13,"14":1,"15":1,"16":14,"17":1,"18":83},"f":{"0":14,"1":2,"2":2,"3":1,"4":1,"5":1,"6":1,"7":13,"8":1,"9":1,"10":83},"b":{"0":[14,3,2],"1":[14,3,2],"2":[1,12],"3":[13,13,3],"4":[14,2],"5":[14,4,11],"6":[1,13],"7":[14,10],"8":[14,1],"9":[14,1]},"_coverageSchema":"1a1c01bbd47fc00a2c39e90264f33305004495a9","hash":"a40b9858b01174396c0810c25fc3dc6ab35dc716"}
,"C:\\Site&App\\Testes\\guru_teste\\frontend\\src\\pages\\SignUp\\index.tsx": {"path":"C:\\Site&App\\Testes\\guru_teste\\frontend\\src\\pages\\SignUp\\index.tsx","statementMap":{"0":{"start":{"line":25,"column":22},"end":{"line":25,"column":34}},"1":{"start":{"line":26,"column":23},"end":{"line":26,"column":33}},"2":{"start":{"line":27,"column":22},"end":{"line":27,"column":38}},"3":{"start":{"line":28,"column":18},"end":{"line":28,"column":43}},"4":{"start":{"line":29,"column":17},"end":{"line":29,"column":44}},"5":{"start":{"line":31,"column":38},"end":{"line":31,"column":53}},"6":{"start":{"line":32,"column":26},"end":{"line":32,"column":50}},"7":{"start":{"line":34,"column":2},"end":{"line":46,"column":11}},"8":{"start":{"line":35,"column":4},"end":{"line":45,"column":5}},"9":{"start":{"line":36,"column":6},"end":{"line":44,"column":11}},"10":{"start":{"line":37,"column":8},"end":{"line":43,"column":9}},"11":{"start":{"line":38,"column":27},"end":{"line":38,"column":48}},"12":{"start":{"line":40,"column":10},"end":{"line":40,"column":33}},"13":{"start":{"line":42,"column":10},"end":{"line":42,"column":27}},"14":{"start":{"line":48,"column":23},"end":{"line":117,"column":3}},"15":{"start":{"line":50,"column":6},"end":{"line":114,"column":7}},"16":{"start":{"line":51,"column":8},"end":{"line":51,"column":28}},"17":{"start":{"line":53,"column":8},"end":{"line":53,"column":39}},"18":{"start":{"line":55,"column":23},"end":{"line":55,"column":53}},"19":{"start":{"line":57,"column":8},"end":{"line":62,"column":10}},"20":{"start":{"line":66,"column":8},"end":{"line":73,"column":9}},"21":{"start":{"line":67,"column":10},"end":{"line":70,"column":13}},"22":{"start":{"line":72,"column":10},"end":{"line":72,"column":50}},"23":{"start":{"line":76,"column":8},"end":{"line":86,"column":9}},"24":{"start":{"line":77,"column":10},"end":{"line":81,"column":13}},"25":{"start":{"line":83,"column":10},"end":{"line":83,"column":49}},"26":{"start":{"line":85,"column":10},"end":{"line":85,"column":23}},"27":{"start":{"line":88,"column":8},"end":{"line":88,"column":25}},"28":{"start":{"line":90,"column":8},"end":{"line":95,"column":11}},"29":{"start":{"line":97,"column":8},"end":{"line":103,"column":9}},"30":{"start":{"line":98,"column":47},"end":{"line":98,"column":74}},"31":{"start":{"line":100,"column":10},"end":{"line":100,"column":45}},"32":{"start":{"line":102,"column":10},"end":{"line":102,"column":17}},"33":{"start":{"line":105,"column":8},"end":{"line":107,"column":9}},"34":{"start":{"line":106,"column":10},"end":{"line":106,"column":74}},"35":{"start":{"line":109,"column":8},"end":{"line":111,"column":9}},"36":{"start":{"line":110,"column":10},"end":{"line":110,"column":76}},"37":{"start":{"line":113,"column":8},"end":{"line":113,"column":29}},"38":{"start":{"line":119,"column":2},"end":{"line":159,"column":4}}},"fnMap":{"0":{"name":"SignUp","decl":{"start":{"line":24,"column":16},"end":{"line":24,"column":22}},"loc":{"start":{"line":24,"column":25},"end":{"line":160,"column":1}},"line":24},"1":{"name":"(anonymous_1)","decl":{"start":{"line":34,"column":12},"end":{"line":34,"column":13}},"loc":{"start":{"line":34,"column":18},"end":{"line":46,"column":3}},"line":34},"2":{"name":"(anonymous_2)","decl":{"start":{"line":36,"column":7},"end":{"line":36,"column":8}},"loc":{"start":{"line":36,"column":19},"end":{"line":44,"column":7}},"line":36},"3":{"name":"(anonymous_3)","decl":{"start":{"line":49,"column":4},"end":{"line":49,"column":5}},"loc":{"start":{"line":49,"column":33},"end":{"line":115,"column":5}},"line":49}},"branchMap":{"0":{"loc":{"start":{"line":35,"column":4},"end":{"line":45,"column":5}},"type":"if","locations":[{"start":{"line":35,"column":4},"end":{"line":45,"column":5}},{"start":{"line":35,"column":4},"end":{"line":45,"column":5}}],"line":35},"1":{"loc":{"start":{"line":66,"column":8},"end":{"line":73,"column":9}},"type":"if","locations":[{"start":{"line":66,"column":8},"end":{"line":73,"column":9}},{"start":{"line":66,"column":8},"end":{"line":73,"column":9}}],"line":66},"2":{"loc":{"start":{"line":76,"column":8},"end":{"line":86,"column":9}},"type":"if","locations":[{"start":{"line":76,"column":8},"end":{"line":86,"column":9}}],"line":76},"3":{"loc":{"start":{"line":97,"column":8},"end":{"line":103,"column":9}},"type":"if","locations":[{"start":{"line":97,"column":8},"end":{"line":103,"column":9}},{"start":{"line":97,"column":8},"end":{"line":103,"column":9}}],"line":97},"4":{"loc":{"start":{"line":105,"column":8},"end":{"line":107,"column":9}},"type":"if","locations":[{"start":{"line":105,"column":8},"end":{"line":107,"column":9}},{"start":{"line":105,"column":8},"end":{"line":107,"column":9}}],"line":105},"5":{"loc":{"start":{"line":109,"column":8},"end":{"line":111,"column":9}},"type":"if","locations":[{"start":{"line":109,"column":8},"end":{"line":111,"column":9}},{"start":{"line":109,"column":8},"end":{"line":111,"column":9}}],"line":109},"6":{"loc":{"start":{"line":137,"column":9},"end":{"line":142,"column":9}},"type":"binary-expr","locations":[{"start":{"line":137,"column":9},"end":{"line":137,"column":11}},{"start":{"line":138,"column":10},"end":{"line":141,"column":16}}],"line":137},"7":{"loc":{"start":{"line":145,"column":37},"end":{"line":145,"column":64}},"type":"cond-expr","locations":[{"start":{"line":145,"column":42},"end":{"line":145,"column":54}},{"start":{"line":145,"column":57},"end":{"line":145,"column":64}}],"line":145}},"s":{"0":27,"1":27,"2":27,"3":27,"4":27,"5":27,"6":27,"7":27,"8":10,"9":6,"10":6,"11":6,"12":5,"13":1,"14":27,"15":6,"16":6,"17":6,"18":6,"19":6,"20":4,"21":2,"22":2,"23":2,"24":2,"25":2,"26":2,"27":4,"28":4,"29":4,"30":2,"31":2,"32":2,"33":2,"34":1,"35":2,"36":1,"37":6,"38":27},"f":{"0":27,"1":10,"2":6,"3":6},"b":{"0":[6,4],"1":[2,2],"2":[2],"3":[2,2],"4":[1,1],"5":[1,1],"6":[27,17],"7":[17,10]},"_coverageSchema":"1a1c01bbd47fc00a2c39e90264f33305004495a9","hash":"eb4e73a6fed1be027d7cb71efde0742601a43bfe"}
}
