TN:
SF:src\components\ActivityIndicator\index.tsx
FN:10,ActivityIndicator
FNF:1
FNH:1
FNDA:14,ActivityIndicator
DA:16,14
DA:22,14
DA:28,14
LF:3
LH:3
BRDA:11,0,0,1
BRDA:12,1,0,3
BRDA:14,2,0,1
BRDA:28,3,0,4
BRDA:28,3,1,10
BRF:5
BRH:5
end_of_record
TN:
SF:src\components\BoxContainer\index.tsx
FN:9,BoxContainer
FNF:1
FNH:1
FNDA:42,BoxContainer
DA:10,42
LF:1
LH:1
BRF:0
BRH:0
end_of_record
TN:
SF:src\components\Button\index.tsx
FN:12,Button
FNF:1
FNH:1
FNDA:43,Button
DA:18,43
LF:1
LH:1
BRDA:15,0,0,43
BRDA:25,1,0,7
BRDA:25,1,1,36
BRF:3
BRH:3
end_of_record
TN:
SF:src\components\Input\index.tsx
FN:11,(anonymous_0)
FN:18,(anonymous_1)
FN:23,handleInputFocus
FN:27,handleInputBlur
FN:33,(anonymous_4)
FN:37,(anonymous_5)
FN:40,(anonymous_6)
FN:63,(anonymous_7)
FNF:8
FNH:8
FNDA:153,(anonymous_0)
FNDA:56,(anonymous_1)
FNDA:1,handleInputFocus
FNDA:1,handleInputBlur
FNDA:41,(anonymous_4)
FNDA:22,(anonymous_5)
FNDA:1,(anonymous_6)
FNDA:17,(anonymous_7)
DA:11,2
DA:12,153
DA:13,153
DA:14,153
DA:15,153
DA:16,153
DA:18,153
DA:20,56
DA:24,1
DA:28,1
DA:30,1
DA:33,153
DA:34,41
DA:38,22
DA:42,1
DA:43,1
DA:45,1
DA:51,153
DA:63,17
LF:19
LH:19
BRDA:15,0,0,91
BRDA:20,1,0,56
BRDA:42,2,0,1
BRDA:69,3,0,153
BRDA:69,3,1,15
BRF:5
BRH:5
end_of_record
TN:
SF:src\components\Pagination\index.tsx
FN:20,generatePagesArray
FN:22,(anonymous_1)
FN:25,(anonymous_2)
FN:28,Pagination
FN:50,(anonymous_4)
FN:54,(anonymous_5)
FN:72,(anonymous_6)
FN:103,(anonymous_7)
FN:122,(anonymous_8)
FN:149,(anonymous_9)
FNF:10
FNH:10
FNDA:20,generatePagesArray
FNDA:20,(anonymous_1)
FNDA:20,(anonymous_2)
FNDA:17,Pagination
FNDA:15,(anonymous_4)
FNDA:17,(anonymous_5)
FNDA:1,(anonymous_6)
FNDA:7,(anonymous_7)
FNDA:13,(anonymous_8)
FNDA:2,(anonymous_9)
DA:18,2
DA:21,20
DA:23,20
DA:25,20
DA:38,17
DA:43,17
DA:50,17
DA:51,15
DA:54,17
DA:57,8
DA:60,17
DA:72,1
DA:104,7
DA:123,13
DA:149,2
LF:15
LH:15
BRDA:34,0,0,7
BRDA:38,1,0,7
BRDA:38,1,1,10
BRDA:43,2,0,13
BRDA:43,2,1,4
BRDA:69,3,0,7
BRDA:69,3,1,10
BRDA:89,4,0,17
BRDA:89,4,1,5
BRDA:96,5,0,5
BRDA:96,5,1,4
BRDA:102,6,0,17
BRDA:102,6,1,7
BRDA:121,7,0,17
BRDA:121,7,1,13
BRDA:133,8,0,17
BRDA:133,8,1,6
BRDA:135,9,0,6
BRDA:135,9,1,6
BRDA:146,10,0,13
BRDA:146,10,1,4
BRF:21
BRH:21
end_of_record
TN:
SF:src\components\Pagination\PaginationItem\index.tsx
FN:12,(anonymous_0)
FN:36,(anonymous_1)
FNF:2
FNH:2
FNDA:50,(anonymous_0)
FNDA:1,(anonymous_1)
DA:12,3
DA:18,50
DA:19,18
DA:32,32
DA:37,1
LF:5
LH:5
BRDA:18,0,0,18
BRDA:18,0,1,32
BRF:2
BRH:2
end_of_record
TN:
SF:src\components\Search\index.tsx
FN:12,Search
FN:16,handleSubmit
FN:22,handleFocus
FN:26,handleBlur
FN:40,(anonymous_4)
FNF:5
FNH:5
FNDA:24,Search
FNDA:4,handleSubmit
FNDA:1,handleFocus
FNDA:1,handleBlur
FNDA:3,(anonymous_4)
DA:13,24
DA:14,24
DA:17,4
DA:18,4
DA:19,3
DA:23,1
DA:27,1
DA:29,24
DA:40,3
LF:9
LH:9
BRDA:18,0,0,1
BRDA:18,0,1,3
BRDA:18,1,0,4
BRDA:18,1,1,2
BRF:4
BRH:4
end_of_record
TN:
SF:src\components\SelectSizePagination\index.tsx
FN:30,SelectSizePagination
FNF:1
FNH:1
FNDA:16,SelectSizePagination
DA:15,2
DA:34,16
LF:2
LH:2
BRF:0
BRH:0
end_of_record
TN:
SF:src\components\ToastContainer\index.tsx
FN:14,ToastContainer
FN:23,(anonymous_1)
FNF:2
FNH:2
FNDA:6,ToastContainer
FNDA:5,(anonymous_1)
DA:15,6
DA:24,5
LF:2
LH:2
BRF:0
BRH:0
end_of_record
TN:
SF:src\components\ToastContainer\Toast\index.tsx
FN:23,Toast
FN:26,(anonymous_1)
FN:27,(anonymous_2)
FN:31,(anonymous_3)
FN:52,(anonymous_4)
FNF:5
FNH:5
FNDA:9,Toast
FNDA:8,(anonymous_1)
FNDA:1,(anonymous_2)
FNDA:8,(anonymous_3)
FNDA:1,(anonymous_4)
DA:17,3
DA:24,9
DA:26,9
DA:27,8
DA:28,1
DA:31,8
DA:32,8
DA:36,9
DA:52,1
LF:9
LH:9
BRDA:43,0,0,9
BRDA:43,0,1,1
BRDA:47,1,0,9
BRDA:47,1,1,9
BRF:4
BRH:4
end_of_record
TN:
SF:src\hooks\useToast.tsx
FN:21,(anonymous_0)
FN:25,(anonymous_1)
FN:34,(anonymous_2)
FN:39,(anonymous_3)
FN:40,(anonymous_4)
FN:40,(anonymous_5)
FN:51,useToast
FNF:7
FNH:7
FNDA:5,(anonymous_0)
FNDA:2,(anonymous_1)
FNDA:2,(anonymous_2)
FNDA:1,(anonymous_3)
FNDA:1,(anonymous_4)
FNDA:1,(anonymous_5)
FNDA:10,useToast
DA:19,2
DA:21,2
DA:22,5
DA:24,5
DA:26,2
DA:28,2
DA:34,2
DA:39,5
DA:40,1
DA:43,5
DA:52,10
LF:11
LH:11
BRF:0
BRH:0
end_of_record
TN:
SF:src\hooks\useUser.tsx
FN:22,createNewUser
FN:28,updateUser
FN:34,deleteUser
FN:40,getUserById
FN:46,getUsers
FN:58,useUsers
FN:61,(anonymous_6)
FNF:7
FNH:7
FNDA:1,createNewUser
FNDA:1,updateUser
FNDA:1,deleteUser
FNDA:1,getUserById
FNDA:1,getUsers
FNDA:2,useUsers
FNDA:1,(anonymous_6)
DA:23,1
DA:25,1
DA:29,1
DA:31,1
DA:35,1
DA:37,1
DA:41,1
DA:43,1
DA:47,1
DA:55,1
DA:59,2
DA:61,1
LF:12
LH:12
BRF:0
BRH:0
end_of_record
TN:
SF:src\organisms\Dashboard\UserItem\index.tsx
FN:18,UserItem
FN:25,(anonymous_1)
FN:101,(anonymous_2)
FNF:3
FNH:3
FNDA:91,UserItem
FNDA:2,(anonymous_1)
FNDA:2,(anonymous_2)
DA:19,91
DA:20,91
DA:22,91
DA:24,91
DA:26,2
DA:27,2
DA:29,2
DA:32,1
DA:33,1
DA:39,1
DA:42,1
DA:44,1
DA:51,2
DA:57,91
DA:102,2
LF:15
LH:15
BRDA:32,0,0,1
BRF:1
BRH:1
end_of_record
TN:
SF:src\organisms\Dashboard\UserItemSkeleton\index.tsx
FN:5,UserItemSkeleton
FN:10,(anonymous_1)
FNF:2
FNH:2
FNDA:2,UserItemSkeleton
FNDA:20,(anonymous_1)
DA:6,2
DA:11,20
LF:2
LH:2
BRF:0
BRH:0
end_of_record
TN:
SF:src\pages\Dashboard\index.tsx
FN:23,Dashboard
FN:43,handleSetSearch
FN:44,(anonymous_2)
FN:49,handleSetPage
FN:50,(anonymous_4)
FN:55,handleSetItensPerPage
FN:56,(anonymous_6)
FN:65,(anonymous_7)
FN:67,(anonymous_8)
FN:80,(anonymous_9)
FN:125,(anonymous_10)
FNF:11
FNH:11
FNDA:14,Dashboard
FNDA:2,handleSetSearch
FNDA:2,(anonymous_2)
FNDA:1,handleSetPage
FNDA:1,(anonymous_4)
FNDA:1,handleSetItensPerPage
FNDA:1,(anonymous_6)
FNDA:13,(anonymous_7)
FNDA:1,(anonymous_8)
FNDA:1,(anonymous_9)
FNDA:83,(anonymous_10)
DA:24,14
DA:26,14
DA:35,14
DA:37,14
DA:44,2
DA:45,2
DA:50,1
DA:51,1
DA:56,1
DA:57,1
DA:61,14
DA:63,14
DA:65,14
DA:66,13
DA:67,1
DA:68,1
DA:73,14
DA:81,1
DA:125,83
LF:19
LH:19
BRDA:61,0,0,14
BRDA:61,0,1,3
BRDA:61,0,2,2
BRDA:63,1,0,14
BRDA:63,1,1,3
BRDA:63,1,2,2
BRDA:66,2,0,1
BRDA:66,2,1,12
BRDA:66,3,0,13
BRDA:66,3,1,13
BRDA:66,3,2,3
BRDA:96,4,0,14
BRDA:96,4,1,2
BRDA:113,5,0,14
BRDA:113,5,1,4
BRDA:113,5,2,11
BRDA:122,6,0,1
BRDA:122,6,1,13
BRDA:132,7,0,14
BRDA:132,7,1,10
BRDA:144,8,0,14
BRDA:144,8,1,1
BRDA:156,9,0,14
BRDA:156,9,1,1
BRF:24
BRH:24
end_of_record
TN:
SF:src\pages\SignUp\index.tsx
FN:24,SignUp
FN:34,(anonymous_1)
FN:36,(anonymous_2)
FN:49,(anonymous_3)
FNF:4
FNH:4
FNDA:27,SignUp
FNDA:10,(anonymous_1)
FNDA:6,(anonymous_2)
FNDA:6,(anonymous_3)
DA:25,27
DA:26,27
DA:27,27
DA:28,27
DA:29,27
DA:31,27
DA:32,27
DA:34,27
DA:35,10
DA:36,6
DA:37,6
DA:38,6
DA:40,5
DA:42,1
DA:48,27
DA:50,6
DA:51,6
DA:53,6
DA:55,6
DA:57,6
DA:66,4
DA:67,2
DA:72,2
DA:76,2
DA:77,2
DA:83,2
DA:85,2
DA:88,4
DA:90,4
DA:97,4
DA:98,2
DA:100,2
DA:102,2
DA:105,2
DA:106,1
DA:109,2
DA:110,1
DA:113,6
DA:119,27
LF:39
LH:39
BRDA:35,0,0,6
BRDA:35,0,1,4
BRDA:66,1,0,2
BRDA:66,1,1,2
BRDA:76,2,0,2
BRDA:97,3,0,2
BRDA:97,3,1,2
BRDA:105,4,0,1
BRDA:105,4,1,1
BRDA:109,5,0,1
BRDA:109,5,1,1
BRDA:137,6,0,27
BRDA:137,6,1,17
BRDA:145,7,0,17
BRDA:145,7,1,10
BRF:15
BRH:15
end_of_record
